{"ts": "2026-06-28T22:16:40Z", "action": "run_plugin", "image": "memdump.mem", "plugin": "linux.bash.Bash", "renderer": "csv"}
{"ts": "2026-06-28T22:16:52Z", "action": "run_plugin", "image": "memdump.mem", "plugin": "linux.capabilities.Capabilities", "renderer": "csv"}
{"ts": "2026-06-28T22:16:58Z", "action": "run_plugin", "image": "memdump.mem", "plugin": "linux.elfs.Elfs", "renderer": "csv"}
{"ts": "2026-06-28T22:17:10Z", "action": "run_plugin", "image": "memdump.mem", "plugin": "linux.envars.Envars", "renderer": "csv"}
{"ts": "2026-06-28T22:17:15Z", "action": "run_plugin", "image": "memdump.mem", "plugin": "linux.iomem.IOMem", "renderer": "csv"}
{"ts": "2026-06-28T22:17:20Z", "action": "run_plugin", "image": "memdump.mem", "plugin": "linux.kmsg.Kmsg", "renderer": "csv"}
{"ts": "2026-06-28T22:17:26Z", "action": "run_plugin", "image": "memdump.mem", "plugin": "linux.library_list.LibraryList", "renderer": "csv"}
{"ts": "2026-06-28T22:20:00Z", "action": "run_plugin", "image": "memdump.mem", "plugin": "linux.lsmod.Lsmod", "renderer": "csv"}
{"ts": "2026-06-28T22:20:09Z", "action": "run_plugin", "image": "memdump.mem", "plugin": "linux.lsof.Lsof", "renderer": "csv"}
{"ts": "2026-06-28T22:20:35Z", "action": "run_plugin", "image": "memdump.mem", "plugin": "linux.malware.check_afinfo.Check_afinfo", "renderer": "csv"}
{"ts": "2026-06-28T22:20:43Z", "action": "run_plugin", "image": "memdump.mem", "plugin": "linux.malware.check_creds.Check_creds", "renderer": "csv"}
{"ts": "2026-06-28T22:20:49Z", "action": "run_plugin", "image": "memdump.mem", "plugin": "linux.malware.check_idt.Check_idt", "renderer": "csv"}
{"ts": "2026-06-28T22:21:06Z", "action": "run_plugin", "image": "memdump.mem", "plugin": "linux.malware.check_modules.Check_modules", "renderer": "csv"}
{"ts": "2026-06-28T22:21:12Z", "action": "run_plugin", "image": "memdump.mem", "plugin": "linux.malware.check_syscall.Check_syscall", "renderer": "csv"}
{"ts": "2026-06-28T22:21:24Z", "action": "run_plugin", "image": "memdump.mem", "plugin": "linux.malware.hidden_modules.Hidden_modules", "renderer": "csv"}
{"ts": "2026-06-28T22:21:39Z", "action": "run_plugin", "image": "memdump.mem", "plugin": "linux.malware.malfind.Malfind", "renderer": "csv"}
{"ts": "2026-06-28T22:22:01Z", "action": "run_plugin", "image": "memdump.mem", "plugin": "linux.malware.netfilter.Netfilter", "renderer": "csv"}
{"ts": "2026-06-28T22:22:30Z", "action": "run_plugin", "image": "memdump.mem", "plugin": "linux.malware.process_spoofing.Process_spoofing", "renderer": "csv"}
{"ts": "2026-06-28T22:22:30Z", "action": "run_plugin", "image": "memdump.mem", "plugin": "linux.mountinfo.MountInfo", "renderer": "csv"}
{"ts": "2026-06-28T22:22:40Z", "action": "run_plugin", "image": "memdump.mem", "plugin": "linux.pagecache.Files", "renderer": "csv"}
{"ts": "2026-06-28T22:22:49Z", "action": "run_plugin", "image": "memdump.mem", "plugin": "linux.pidhashtable.PIDHashTable", "renderer": "csv"}
{"ts": "2026-06-28T22:22:55Z", "action": "run_plugin", "image": "memdump.mem", "plugin": "linux.proc.Maps", "renderer": "csv"}
{"ts": "2026-06-28T22:23:17Z", "action": "run_plugin", "image": "memdump.mem", "plugin": "linux.psaux.PsAux", "renderer": "csv"}
{"ts": "2026-06-28T22:23:23Z", "action": "run_plugin", "image": "memdump.mem", "plugin": "linux.pslist.PsList", "renderer": "csv"}
{"ts": "2026-06-28T22:23:29Z", "action": "run_plugin", "image": "memdump.mem", "plugin": "linux.psscan.PsScan", "renderer": "csv"}
{"ts": "2026-06-28T22:23:47Z", "action": "run_plugin", "image": "memdump.mem", "plugin": "linux.pstree.PsTree", "renderer": "csv"}
{"ts": "2026-06-28T22:23:53Z", "action": "run_plugin", "image": "memdump.mem", "plugin": "linux.sockstat.Sockstat", "renderer": "csv"}
{"ts": "2026-06-28T22:24:30Z", "action": "run_plugin", "image": "memdump.mem", "plugin": "linux.tty_check.tty_check", "renderer": "csv"}
{"ts": "2026-06-28T22:44:05Z", "action": "run_plugin", "image": "memdump.mem", "plugin": "linux.bash.Bash", "renderer": "csv"}
{"ts": "2026-06-28T22:44:14Z", "action": "run_plugin", "image": "memdump.mem", "plugin": "linux.lsmod.Lsmod", "renderer": "csv"}
{"ts": "2026-06-28T22:44:22Z", "action": "run_plugin", "image": "memdump.mem", "plugin": "linux.lsof.Lsof", "renderer": "csv"}
{"ts": "2026-06-28T22:44:47Z", "action": "run_plugin", "image": "memdump.mem", "plugin": "linux.malware.check_syscall.Check_syscall", "renderer": "csv"}
{"ts": "2026-06-28T22:44:58Z", "action": "run_plugin", "image": "memdump.mem", "plugin": "linux.malware.hidden_modules.Hidden_modules", "renderer": "csv"}
{"ts": "2026-06-28T22:45:12Z", "action": "run_plugin", "image": "memdump.mem", "plugin": "linux.pagecache.Files", "renderer": "csv"}
{"ts": "2026-06-28T22:45:21Z", "action": "run_plugin", "image": "memdump.mem", "plugin": "linux.psaux.PsAux", "renderer": "csv"}
{"ts": "2026-06-28T22:45:27Z", "action": "run_plugin", "image": "memdump.mem", "plugin": "linux.pstree.PsTree", "renderer": "csv"}
{"ts": "2026-06-28T22:45:32Z", "action": "run_plugin", "image": "memdump.mem", "plugin": "linux.sockstat.Sockstat", "renderer": "csv"}
{"ts": "2026-06-28T22:53:12Z", "action": "run_plugin", "image": "memdump.mem", "plugin": "linux.pagecache.Files", "renderer": "csv"}
{"ts": "2026-06-28T23:01:31Z", "action": "run_plugin", "image": "memdump.mem", "plugin": "linux.bash.Bash", "renderer": "csv"}
{"ts": "2026-06-28T23:01:38Z", "action": "run_plugin", "image": "memdump.mem", "plugin": "linux.lsmod.Lsmod", "renderer": "csv"}
{"ts": "2026-06-28T23:01:47Z", "action": "run_plugin", "image": "memdump.mem", "plugin": "linux.lsof.Lsof", "renderer": "csv"}
{"ts": "2026-06-28T23:02:13Z", "action": "run_plugin", "image": "memdump.mem", "plugin": "linux.malware.check_syscall.Check_syscall", "renderer": "csv"}
{"ts": "2026-06-28T23:02:25Z", "action": "run_plugin", "image": "memdump.mem", "plugin": "linux.malware.hidden_modules.Hidden_modules", "renderer": "csv"}
{"ts": "2026-06-28T23:02:41Z", "action": "run_plugin", "image": "memdump.mem", "plugin": "linux.pagecache.Files", "renderer": "csv"}
{"ts": "2026-06-28T23:02:54Z", "action": "run_plugin", "image": "memdump.mem", "plugin": "linux.psaux.PsAux", "renderer": "csv"}
{"ts": "2026-06-28T23:03:02Z", "action": "run_plugin", "image": "memdump.mem", "plugin": "linux.pstree.PsTree", "renderer": "csv"}
{"ts": "2026-06-28T23:03:11Z", "action": "run_plugin", "image": "memdump.mem", "plugin": "linux.sockstat.Sockstat", "renderer": "csv"}
